<?xml version="1.0" encoding="UTF-8"?>
<testsuite name="SauceDemoTest" tests="1" skipped="0" failures="0" errors="0" timestamp="2024-08-29T20:23:46" hostname="Victors-MacBook-Pro.local" time="2.658">
  <properties/>
  <testcase name="loginEnSauceDemoSuccessful()" classname="SauceDemoTest" time="2.658"/>
  <system-out><![CDATA[]]></system-out>
  <system-err><![CDATA[Aug 29, 2024 3:23:47 PM org.openqa.selenium.devtools.CdpVersionFinder findNearestMatch
WARNING: Unable to find an exact match for CDP version 128, returning the closest version; found: 127; Please update to a Selenium version that supports CDP version 128
]]></system-err>
</testsuite>
